<?xml version="1.0" encoding="UTF-8"?>
<testng-results ignored="0" total="2" passed="2" failed="0" skipped="0">
  <reporter-output>
  </reporter-output>
  <suite started-at="2023-02-28T11:42:48 IST" name="All Test Suite" finished-at="2023-02-28T11:44:45 IST" duration-ms="117299">
    <groups>
    </groups>
    <test started-at="2023-02-28T11:42:48 IST" name="verifyCartIsEmpty" finished-at="2023-02-28T11:44:45 IST" duration-ms="117299">
      <class name="com.Luma.TestLuma.TestLuma">
        <test-method is-config="true" signature="OpenbrowserAndLaunchapp(java.lang.String,java.lang.String)[pri:0, instance:com.Luma.TestLuma.TestLuma@58cbafc2]" started-at="2023-02-28T11:42:48 IST" name="OpenbrowserAndLaunchapp" finished-at="2023-02-28T11:42:52 IST" duration-ms="4225" status="PASS">
          <params>
            <param index="0">
              <value>
                <![CDATA[edge]]>
              </value>
            </param>
            <param index="1">
              <value>
                <![CDATA[]]>
              </value>
            </param>
          </params>
          <reporter-output>
          </reporter-output>
        </test-method> <!-- OpenbrowserAndLaunchapp -->
        <test-method is-config="true" signature="initializePages()[pri:0, instance:com.Luma.TestLuma.TestLuma@58cbafc2]" started-at="2023-02-28T11:42:52 IST" name="initializePages" finished-at="2023-02-28T11:42:52 IST" duration-ms="48" status="PASS">
          <reporter-output>
          </reporter-output>
        </test-method> <!-- initializePages -->
        <test-method signature="luanchApp()[pri:0, instance:com.Luma.TestLuma.TestLuma@58cbafc2]" started-at="2023-02-28T11:42:52 IST" name="luanchApp" finished-at="2023-02-28T11:42:56 IST" duration-ms="3424" status="PASS">
          <reporter-output>
          </reporter-output>
        </test-method> <!-- luanchApp -->
        <test-method signature="verifyCartIsEmpty(java.lang.String,java.lang.String)[pri:0, instance:com.Luma.TestLuma.TestLuma@58cbafc2]" started-at="2023-02-28T11:42:56 IST" name="verifyCartIsEmpty" finished-at="2023-02-28T11:44:45 IST" duration-ms="109539" status="PASS">
          <params>
            <param index="0">
              <value>
                <![CDATA[vinayhatti5@gmail.com]]>
              </value>
            </param>
            <param index="1">
              <value>
                <![CDATA[ViN@19619541]]>
              </value>
            </param>
          </params>
          <reporter-output>
          </reporter-output>
        </test-method> <!-- verifyCartIsEmpty -->
      </class> <!-- com.Luma.TestLuma.TestLuma -->
    </test> <!-- verifyCartIsEmpty -->
  </suite> <!-- All Test Suite -->
</testng-results>
